<?xml version="1.0" encoding="UTF-8"?>
<testsuite xmlns:xsi="http://www.w3.org/2001/XMLSchema-instance" xsi:noNamespaceSchemaLocation="https://maven.apache.org/surefire/maven-surefire-plugin/xsd/surefire-test-report-3.0.xsd" version="3.0" name="io.github.alprKeskin.kasimpamuk.thesettlersofcatan.TheSettlersOfCatanApplicationTests" time="5.281" tests="1" errors="0" skipped="0" failures="0">
  <properties>
[...]
</properties>
  <testcase name="contextLoads" classname="io.github.alprKeskin.kasimpamuk.thesettlersofcatan.TheSettlersOfCatanApplicationTests" time="0.016">
    <system-out><![CDATA[00:00:24.330 [main] INFO org.springframework.test.context.support.AnnotationConfigContextLoaderUtils -- Could not detect default configuration classes for test class [io.github.alprKeskin.kasimpamuk.thesettlersofcatan.TheSettlersOfCatanApplicationTests]: TheSettlersOfCatanApplicationTests does not declare any static, non-private, non-final, nested classes annotated with @Configuration.
00:00:24.507 [main] INFO org.springframework.boot.test.context.SpringBootTestContextBootstrapper -- Found @SpringBootConfiguration io.github.alprKeskin.kasimpamuk.thesettlersofcatan.TheSettlersOfCatanApplication for test class io.github.alprKeskin.kasimpamuk.thesettlersofcatan.TheSettlersOfCatanApplicationTests

  .   ____          _            __ _ _
 /\\ / ___'_ __ _ _(_)_ __  __ _ \ \ \ \
( ( )\___ | '_ | '_| | '_ \/ _` | \ \ \ \
 \\/  ___)| |_)| | | | | || (_| |  ) ) ) )
  '  |____| .__|_| |_|_| |_\__, | / / / /
 =========|_|==============|___/=/_/_/_/
 :: Spring Boot ::                (v3.1.5)

2023-11-14T00:00:25.160+03:00  INFO 20712 --- [           main] a.k.t.TheSettlersOfCatanApplicationTests : Starting TheSettlersOfCatanApplicationTests using Java 17.0.8.1 with PID 20712 (started by z004v90h in C:\Users\z004v90h\Desktop\CENG453_20231_Group3_backend)
2023-11-14T00:00:25.162+03:00  INFO 20712 --- [           main] a.k.t.TheSettlersOfCatanApplicationTests : No active profile set, falling back to 1 default profile: "default"
2023-11-14T00:00:26.035+03:00  INFO 20712 --- [           main] .s.d.r.c.RepositoryConfigurationDelegate : Bootstrapping Spring Data JPA repositories in DEFAULT mode.
2023-11-14T00:00:26.131+03:00  INFO 20712 --- [           main] .s.d.r.c.RepositoryConfigurationDelegate : Finished Spring Data repository scanning in 83 ms. Found 1 JPA repository interfaces.
2023-11-14T00:00:26.824+03:00  INFO 20712 --- [           main] o.hibernate.jpa.internal.util.LogHelper  : HHH000204: Processing PersistenceUnitInfo [name: default]
2023-11-14T00:00:26.897+03:00  INFO 20712 --- [           main] org.hibernate.Version                    : HHH000412: Hibernate ORM core version 6.2.13.Final
2023-11-14T00:00:26.900+03:00  INFO 20712 --- [           main] org.hibernate.cfg.Environment            : HHH000406: Using bytecode reflection optimizer
2023-11-14T00:00:27.083+03:00  INFO 20712 --- [           main] o.s.o.j.p.SpringPersistenceUnitInfo      : No LoadTimeWeaver setup: ignoring JPA class transformer
2023-11-14T00:00:27.117+03:00  INFO 20712 --- [           main] com.zaxxer.hikari.HikariDataSource       : HikariPool-1 - Starting...
2023-11-14T00:00:27.243+03:00  INFO 20712 --- [           main] com.zaxxer.hikari.pool.HikariPool        : HikariPool-1 - Added connection org.mariadb.jdbc.Connection@33891646
2023-11-14T00:00:27.245+03:00  INFO 20712 --- [           main] com.zaxxer.hikari.HikariDataSource       : HikariPool-1 - Start completed.
2023-11-14T00:00:27.277+03:00  WARN 20712 --- [           main] org.hibernate.orm.deprecation            : HHH90000025: PostgreSQLDialect does not need to be specified explicitly using 'hibernate.dialect' (remove the property setting and it will be selected by default)
2023-11-14T00:00:28.111+03:00  INFO 20712 --- [           main] o.h.e.t.j.p.i.JtaPlatformInitiator       : HHH000489: No JTA platform available (set 'hibernate.transaction.jta.platform' to enable JTA platform integration)
2023-11-14T00:00:28.114+03:00  INFO 20712 --- [           main] j.LocalContainerEntityManagerFactoryBean : Initialized JPA EntityManagerFactory for persistence unit 'default'
2023-11-14T00:00:28.666+03:00  WARN 20712 --- [           main] JpaBaseConfiguration$JpaWebConfiguration : spring.jpa.open-in-view is enabled by default. Therefore, database queries may be performed during view rendering. Explicitly configure spring.jpa.open-in-view to disable this warning
2023-11-14T00:00:28.694+03:00 TRACE 20712 --- [           main] eGlobalAuthenticationAutowiredConfigurer : Eagerly initializing {securityConfig=io.github.alprKeskin.kasimpamuk.thesettlersofcatan.config.SecurityConfig$$SpringCGLIB$$0@7e35d743}
2023-11-14T00:00:28.863+03:00 DEBUG 20712 --- [           main] edFilterInvocationSecurityMetadataSource : Adding web access control expression [permitAll] for Ant [pattern='/api/authentication/**']
2023-11-14T00:00:28.884+03:00 DEBUG 20712 --- [           main] edFilterInvocationSecurityMetadataSource : Adding web access control expression [authenticated] for any request
2023-11-14T00:00:28.893+03:00 TRACE 20712 --- [           main] o.s.s.w.a.i.FilterSecurityInterceptor    : Validated configuration attributes
2023-11-14T00:00:28.895+03:00 TRACE 20712 --- [           main] o.s.s.w.a.i.FilterSecurityInterceptor    : Validated configuration attributes
2023-11-14T00:00:28.896+03:00  INFO 20712 --- [           main] o.s.s.web.DefaultSecurityFilterChain     : Will secure any request with [org.springframework.security.web.session.DisableEncodeUrlFilter@1be3e952, org.springframework.security.web.context.request.async.WebAsyncManagerIntegrationFilter@818a514, org.springframework.security.web.context.SecurityContextHolderFilter@5cd2adc7, org.springframework.security.web.header.HeaderWriterFilter@4f579582, org.springframework.security.web.authentication.logout.LogoutFilter@1ebb36df, io.github.alprKeskin.kasimpamuk.thesettlersofcatan.config.JwtAuthorizationFilter@5570dc21, org.springframework.security.web.savedrequest.RequestCacheAwareFilter@35bf6dba, org.springframework.security.web.servletapi.SecurityContextHolderAwareRequestFilter@27caa186, org.springframework.security.web.authentication.AnonymousAuthenticationFilter@7004cd44, org.springframework.security.web.session.SessionManagementFilter@45649467, org.springframework.security.web.access.ExceptionTranslationFilter@769b1d1c, org.springframework.security.web.access.intercept.FilterSecurityInterceptor@35d62807]
2023-11-14T00:00:29.419+03:00  INFO 20712 --- [           main] a.k.t.TheSettlersOfCatanApplicationTests : Started TheSettlersOfCatanApplicationTests in 4.701 seconds (process running for 7.869)
]]></system-out>
  </testcase>
</testsuite>